<?xml version="1.0" encoding="UTF-8"?>
<testng-results ignored="0" total="2" passed="2" failed="0" skipped="0">
  <reporter-output>
  </reporter-output>
  <suite started-at="2024-08-31T20:04:24 IST" name="Suite" finished-at="2024-08-31T20:04:35 IST" duration-ms="10891">
    <groups>
      <group name="Master">
        <method signature="TC001_AccountrRgistration.verify_account_registration()[pri:0, instance:testCases.TC001_AccountrRgistration@33b1c5c5]" name="verify_account_registration" class="testCases.TC001_AccountrRgistration"/>
        <method signature="TC002_Login.verify_login()[pri:0, instance:testCases.TC002_Login@305a0c5f]" name="verify_login" class="testCases.TC002_Login"/>
      </group> <!-- Master -->
      <group name="Sanity">
        <method signature="TC002_Login.verify_login()[pri:0, instance:testCases.TC002_Login@305a0c5f]" name="verify_login" class="testCases.TC002_Login"/>
      </group> <!-- Sanity -->
      <group name="Regression">
        <method signature="TC001_AccountrRgistration.verify_account_registration()[pri:0, instance:testCases.TC001_AccountrRgistration@33b1c5c5]" name="verify_account_registration" class="testCases.TC001_AccountrRgistration"/>
      </group> <!-- Regression -->
    </groups>
    <test started-at="2024-08-31T20:04:24 IST" name="Test" finished-at="2024-08-31T20:04:35 IST" duration-ms="10891">
      <class name="testCases.TC002_Login">
        <test-method is-config="true" signature="setup(java.lang.String,java.lang.String)[pri:0, instance:testCases.TC002_Login@305a0c5f]" started-at="2024-08-31T20:04:32 IST" name="setup" finished-at="2024-08-31T20:04:34 IST" duration-ms="2087" status="PASS">
          <params>
            <param index="0">
              <value>
                <![CDATA[windows]]>
              </value>
            </param>
            <param index="1">
              <value>
                <![CDATA[chrome]]>
              </value>
            </param>
          </params>
          <reporter-output>
          </reporter-output>
        </test-method> <!-- setup -->
        <test-method signature="verify_login()[pri:0, instance:testCases.TC002_Login@305a0c5f]" started-at="2024-08-31T20:04:34 IST" name="verify_login" finished-at="2024-08-31T20:04:35 IST" duration-ms="1135" status="PASS">
          <reporter-output>
          </reporter-output>
        </test-method> <!-- verify_login -->
        <test-method is-config="true" signature="teardown()[pri:0, instance:testCases.TC002_Login@305a0c5f]" started-at="2024-08-31T20:04:35 IST" name="teardown" finished-at="2024-08-31T20:04:35 IST" duration-ms="104" status="PASS">
          <reporter-output>
          </reporter-output>
        </test-method> <!-- teardown -->
      </class> <!-- testCases.TC002_Login -->
      <class name="testCases.TC001_AccountrRgistration">
        <test-method is-config="true" signature="setup(java.lang.String,java.lang.String)[pri:0, instance:testCases.TC001_AccountrRgistration@33b1c5c5]" started-at="2024-08-31T20:04:24 IST" name="setup" finished-at="2024-08-31T20:04:30 IST" duration-ms="5475" status="PASS">
          <params>
            <param index="0">
              <value>
                <![CDATA[windows]]>
              </value>
            </param>
            <param index="1">
              <value>
                <![CDATA[chrome]]>
              </value>
            </param>
          </params>
          <reporter-output>
          </reporter-output>
        </test-method> <!-- setup -->
        <test-method signature="verify_account_registration()[pri:0, instance:testCases.TC001_AccountrRgistration@33b1c5c5]" started-at="2024-08-31T20:04:30 IST" name="verify_account_registration" finished-at="2024-08-31T20:04:32 IST" duration-ms="1759" status="PASS">
          <reporter-output>
          </reporter-output>
        </test-method> <!-- verify_account_registration -->
        <test-method is-config="true" signature="teardown()[pri:0, instance:testCases.TC001_AccountrRgistration@33b1c5c5]" started-at="2024-08-31T20:04:32 IST" name="teardown" finished-at="2024-08-31T20:04:32 IST" duration-ms="116" status="PASS">
          <reporter-output>
          </reporter-output>
        </test-method> <!-- teardown -->
      </class> <!-- testCases.TC001_AccountrRgistration -->
    </test> <!-- Test -->
  </suite> <!-- Suite -->
</testng-results>
