<?xml version="1.0" encoding="UTF-8"?>
<!-- Generated by org.testng.reporters.JUnitReportReporter -->
<testsuite hostname="Sreekanth-PC" failures="0" tests="2" name="testCases.TC001_AccountrRgistration" time="3.370" errors="0" timestamp="2025-02-01T06:15:33 IST" skipped="0">
  <testcase classname="testCases.TC001_AccountrRgistration" name="verify_account_registration" time="1.741"/>
  <testcase classname="testCases.TC001_AccountrRgistration" name="verify_account_registration" time="1.629"/>
</testsuite> <!-- testCases.TC001_AccountrRgistration -->
